<?xml version="1.0" encoding="UTF-8"?>
<testsuite xmlns:xsi="http://www.w3.org/2001/XMLSchema-instance" xsi:noNamespaceSchemaLocation="https://maven.apache.org/surefire/maven-surefire-plugin/xsd/surefire-test-report-3.0.xsd" version="3.0" name="com.example.imageanalysisapi.controller.AnalysisControllerTest" time="5.051" tests="3" errors="0" skipped="0" failures="0">
  <properties>
[...]
</properties>
  <testcase name="analyzeImage_whenValidationFails_shouldReturnInternalError" classname="com.example.imageanalysisapi.controller.AnalysisControllerTest" time="0.362">
    <system-out><![CDATA[20:46:40.955 [main] INFO org.springframework.test.context.support.AnnotationConfigContextLoaderUtils -- Could not detect default configuration classes for test class [com.example.imageanalysisapi.controller.AnalysisControllerTest]: AnalysisControllerTest does not declare any static, non-private, non-final, nested classes annotated with @Configuration.
20:46:41.154 [main] INFO org.springframework.boot.test.context.SpringBootTestContextBootstrapper -- Found @SpringBootConfiguration com.example.imageanalysisapi.ImageAnalysisApiApplication for test class com.example.imageanalysisapi.controller.AnalysisControllerTest

  .   ____          _            __ _ _
 /\\ / ___'_ __ _ _(_)_ __  __ _ \ \ \ \
( ( )\___ | '_ | '_| | '_ \/ _` | \ \ \ \
 \\/  ___)| |_)| | | | | || (_| |  ) ) ) )
  '  |____| .__|_| |_|_| |_\__, | / / / /
 =========|_|==============|___/=/_/_/_/
 :: Spring Boot ::                (v3.2.5)

2025-10-14T20:46:41.677+02:00  INFO 29416 --- [           main] c.e.i.controller.AnalysisControllerTest  : Starting AnalysisControllerTest using Java 17.0.14 with PID 29416 (started by jordan in C:\Users\jordan\gemini-cli\WS_GEMINI\LUIS_GABRIEL_VAGO\image-analysis-api)
2025-10-14T20:46:41.680+02:00  INFO 29416 --- [           main] c.e.i.controller.AnalysisControllerTest  : No active profile set, falling back to 1 default profile: "default"
2025-10-14T20:46:44.897+02:00  INFO 29416 --- [           main] o.s.b.t.m.w.SpringBootMockServletContext : Initializing Spring TestDispatcherServlet ''
2025-10-14T20:46:44.897+02:00  INFO 29416 --- [           main] o.s.t.web.servlet.TestDispatcherServlet  : Initializing Servlet ''
2025-10-14T20:46:44.903+02:00  INFO 29416 --- [           main] o.s.t.web.servlet.TestDispatcherServlet  : Completed initialization in 3 ms
2025-10-14T20:46:45.200+02:00  INFO 29416 --- [           main] c.e.i.controller.AnalysisControllerTest  : Started AnalysisControllerTest in 3.937 seconds (process running for 5.15)
]]></system-out>
  </testcase>
  <testcase name="analyzeImage_shouldReturnTags" classname="com.example.imageanalysisapi.controller.AnalysisControllerTest" time="0.135"/>
  <testcase name="analyzeImage_whenImaggaServiceFails_shouldReturnError" classname="com.example.imageanalysisapi.controller.AnalysisControllerTest" time="0.019"/>
</testsuite>